2022-09-12 08:41:32,054 [Worker-4: Loading available Gradle versions] INFO  o.e.b.c.i.u.g.PublishedGradleVersions - Gradle version information cache is up-to-date. Trying to read.
2022-10-26 08:09:49,867 [Worker-2: Loading available Gradle versions] INFO  o.e.b.c.i.u.g.PublishedGradleVersions - Gradle version information cache is up-to-date. Trying to read.
2022-11-14 09:58:23,759 [Worker-1: Loading available Gradle versions] INFO  o.e.b.c.i.u.g.PublishedGradleVersions - Gradle version information cache is up-to-date. Trying to read.
2022-11-29 21:49:35,126 [Worker-0: Loading available Gradle versions] INFO  o.e.b.c.i.u.g.PublishedGradleVersions - Gradle version information cache is up-to-date. Trying to read.
2022-11-29 21:51:33,026 [Worker-10: Building] INFO  o.e.m.c.i.l.LifecycleMappingFactory - Using org.eclipse.m2e.jdt.JarLifecycleMapping lifecycle mapping for MavenProject: org.acme:mongodb-panache-quickstart:1.0.0-SNAPSHOT @ C:\Users\myguest\Desktop\QuizGeneratorProject\backend\mongodb-panache-quickstart\pom.xml.
2022-11-29 21:52:21,619 [Worker-10: Building] INFO  o.e.m.c.i.embedder.EclipseLogger - Using 'UTF-8' encoding to copy filtered resources.
2022-11-29 21:52:21,628 [Worker-10: Building] INFO  o.e.m.c.i.embedder.EclipseLogger - Copying 2 resources
2022-11-29 21:52:21,698 [Worker-10: Building] INFO  o.e.m.c.i.embedder.EclipseLogger - Using 'UTF-8' encoding to copy filtered resources.
2022-11-29 21:52:21,699 [Worker-10: Building] INFO  o.e.m.c.i.embedder.EclipseLogger - skip non existing resourceDirectory C:\Users\myguest\Desktop\QuizGeneratorProject\backend\mongodb-panache-quickstart\src\test\resources
2022-11-29 21:52:30,173 [Worker-5: Building] INFO  o.e.m.c.i.embedder.EclipseLogger - Using 'UTF-8' encoding to copy filtered resources.
2022-11-29 21:52:30,181 [Worker-5: Building] INFO  o.e.m.c.i.embedder.EclipseLogger - Copying 2 resources
2022-11-29 21:52:30,199 [Worker-5: Building] INFO  o.e.m.c.i.embedder.EclipseLogger - Using 'UTF-8' encoding to copy filtered resources.
2022-11-29 21:52:30,200 [Worker-5: Building] INFO  o.e.m.c.i.embedder.EclipseLogger - skip non existing resourceDirectory C:\Users\myguest\Desktop\QuizGeneratorProject\backend\mongodb-panache-quickstart\src\test\resources
2022-11-29 21:52:56,347 [Worker-12: Launching New_configuration] INFO  o.e.m.i.launch.MavenLaunchDelegate - C:\Users\myguest\Desktop\QuizGeneratorProject\backend\mongodb-panache-quickstart
2022-11-29 21:52:56,349 [Worker-12: Launching New_configuration] INFO  o.e.m.i.launch.MavenLaunchDelegate -  mvn -Ddebug=63396 -B compile quarkus:dev
2022-11-30 07:55:16,062 [Worker-3: Loading available Gradle versions] INFO  o.e.b.c.i.u.g.PublishedGradleVersions - Gradle version information cache is up-to-date. Trying to read.
2022-11-30 07:56:07,572 [Worker-12: Launching New_configuration] INFO  o.e.m.i.launch.MavenLaunchDelegate - C:\Users\myguest\Desktop\QuizGeneratorProject\backend\mongodb-panache-quickstart
2022-11-30 07:56:07,576 [Worker-12: Launching New_configuration] INFO  o.e.m.i.launch.MavenLaunchDelegate -  mvn -Ddebug=63954 -B compile quarkus:dev
2022-11-30 07:56:08,925 [Worker-12: Launching New_configuration] INFO  o.e.m.i.launch.MavenLaunchDelegate - C:\Users\myguest\Desktop\QuizGeneratorProject\backend\mongodb-panache-quickstart
2022-11-30 07:56:08,926 [Worker-12: Launching New_configuration] INFO  o.e.m.i.launch.MavenLaunchDelegate -  mvn -Ddebug=63959 -B compile quarkus:dev
2022-11-30 07:56:12,214 [Worker-1: Launching New_configuration] INFO  o.e.m.i.launch.MavenLaunchDelegate - C:\Users\myguest\Desktop\QuizGeneratorProject\backend\mongodb-panache-quickstart
2022-11-30 07:56:12,214 [Worker-1: Launching New_configuration] INFO  o.e.m.i.launch.MavenLaunchDelegate -  mvn -Ddebug=63960 -B compile quarkus:dev
2022-11-30 07:57:02,001 [Worker-3: Launching New_configuration] INFO  o.e.m.i.launch.MavenLaunchDelegate - C:\Users\myguest\Desktop\QuizGeneratorProject\backend\mongodb-panache-quickstart
2022-11-30 07:57:02,001 [Worker-3: Launching New_configuration] INFO  o.e.m.i.launch.MavenLaunchDelegate -  mvn -Ddebug=64066 -B compile quarkus:dev
2022-11-30 07:57:05,158 [Worker-10: Launching New_configuration] INFO  o.e.m.i.launch.MavenLaunchDelegate - C:\Users\myguest\Desktop\QuizGeneratorProject\backend\mongodb-panache-quickstart
2022-11-30 07:57:05,158 [Worker-10: Launching New_configuration] INFO  o.e.m.i.launch.MavenLaunchDelegate -  mvn -Ddebug=64067 -B compile quarkus:dev
2022-11-30 07:57:25,612 [Worker-13: Launching New_configuration] INFO  o.e.m.i.launch.MavenLaunchDelegate - C:\Users\myguest\Desktop\QuizGeneratorProject\backend\mongodb-panache-quickstart
2022-11-30 07:57:25,612 [Worker-13: Launching New_configuration] INFO  o.e.m.i.launch.MavenLaunchDelegate -  mvn -Ddebug=64108 -B compile quarkus:dev
2022-11-30 07:58:07,596 [Worker-5: Launching New_configuration] INFO  o.e.m.i.launch.MavenLaunchDelegate - C:\Users\myguest\Desktop\QuizGeneratorProject\backend\mongodb-panache-quickstart
2022-11-30 07:58:07,596 [Worker-5: Launching New_configuration] INFO  o.e.m.i.launch.MavenLaunchDelegate -  mvn -Ddebug=64183 -B compile quarkus:dev
2022-11-30 07:58:30,781 [Worker-4: Launching New_configuration] INFO  o.e.m.i.launch.MavenLaunchDelegate - C:\Users\myguest\Desktop\QuizGeneratorProject\backend\mongodb-panache-quickstart
2022-11-30 07:58:30,781 [Worker-4: Launching New_configuration] INFO  o.e.m.i.launch.MavenLaunchDelegate -  mvn -Ddebug=64247 -B compile quarkus:dev
2022-11-30 08:00:23,431 [Worker-2: Loading available Gradle versions] INFO  o.e.b.c.i.u.g.PublishedGradleVersions - Gradle version information cache is up-to-date. Trying to read.
2022-11-30 08:01:10,632 [Worker-0: Loading available Gradle versions] INFO  o.e.b.c.i.u.g.PublishedGradleVersions - Gradle version information cache is up-to-date. Trying to read.
2022-11-30 08:01:26,916 [Worker-4: Launching New_configuration] INFO  o.e.m.c.i.embedder.EclipseLogger - Using 'UTF-8' encoding to copy filtered resources.
2022-11-30 08:01:26,921 [Worker-4: Launching New_configuration] INFO  o.e.m.c.i.embedder.EclipseLogger - Copying 2 resources
2022-11-30 08:01:26,941 [Worker-4: Launching New_configuration] INFO  o.e.m.c.i.embedder.EclipseLogger - Using 'UTF-8' encoding to copy filtered resources.
2022-11-30 08:01:26,941 [Worker-4: Launching New_configuration] INFO  o.e.m.c.i.embedder.EclipseLogger - skip non existing resourceDirectory C:\Users\myguest\Desktop\QuizGeneratorProject\backend\mongodb-panache-quickstart\src\test\resources
2022-11-30 08:01:27,692 [Worker-4: Launching New_configuration] INFO  o.e.m.i.launch.MavenLaunchDelegate - C:\Users\myguest\Desktop\QuizGeneratorProject\backend\mongodb-panache-quickstart
2022-11-30 08:01:27,693 [Worker-4: Launching New_configuration] INFO  o.e.m.i.launch.MavenLaunchDelegate -  mvn -Ddebug=64429 -B compile quarkus:dev
2022-11-30 08:01:42,012 [Worker-8: Launching New_configuration] INFO  o.e.m.i.launch.MavenLaunchDelegate - C:\Users\myguest\Desktop\QuizGeneratorProject\backend\mongodb-panache-quickstart
2022-11-30 08:01:42,013 [Worker-8: Launching New_configuration] INFO  o.e.m.i.launch.MavenLaunchDelegate -  mvn -Ddebug=64445 -B compile quarkus:dev
2022-11-30 08:02:38,472 [Worker-0: Launching New_configuration] INFO  o.e.m.i.launch.MavenLaunchDelegate - C:\Users\myguest\Desktop\QuizGeneratorProject\backend\mongodb-panache-quickstart
2022-11-30 08:02:38,472 [Worker-0: Launching New_configuration] INFO  o.e.m.i.launch.MavenLaunchDelegate -  mvn -Ddebug=64531 -B compile quarkus:dev
2022-12-06 08:14:08,744 [Worker-0: Loading available Gradle versions] INFO  o.e.b.c.i.u.g.PublishedGradleVersions - Gradle version information cache is out-of-date. Trying to update.
2022-12-06 08:14:10,721 [Worker-0: Loading available Gradle versions] INFO  o.e.b.c.i.u.g.PublishedGradleVersions - Updating Gradle version information cache failed. Using outdated cache.
2022-12-06 08:18:03,422 [Worker-15: Launching New_configuration] INFO  o.e.m.c.i.l.LifecycleMappingFactory - Using org.eclipse.m2e.jdt.JarLifecycleMapping lifecycle mapping for MavenProject: org.acme:mongodb-panache-quickstart:1.0.0-SNAPSHOT @ C:\Users\myguest\Desktop\QuizGeneratorProject\backend\mongodb-panache-quickstart\pom.xml.
2022-12-06 08:18:50,058 [Worker-15: Launching New_configuration] INFO  o.e.m.c.i.embedder.EclipseLogger - Using 'UTF-8' encoding to copy filtered resources.
2022-12-06 08:18:50,069 [Worker-15: Launching New_configuration] INFO  o.e.m.c.i.embedder.EclipseLogger - Copying 2 resources
2022-12-06 08:18:50,277 [Worker-15: Launching New_configuration] INFO  o.e.m.c.i.embedder.EclipseLogger - Using 'UTF-8' encoding to copy filtered resources.
2022-12-06 08:18:50,278 [Worker-15: Launching New_configuration] INFO  o.e.m.c.i.embedder.EclipseLogger - skip non existing resourceDirectory C:\Users\myguest\Desktop\QuizGeneratorProject\backend\mongodb-panache-quickstart\src\test\resources
2022-12-06 08:18:54,203 [Worker-15: Launching New_configuration] INFO  o.e.m.i.launch.MavenLaunchDelegate - C:\Users\myguest\Desktop\QuizGeneratorProject\backend\mongodb-panache-quickstart
2022-12-06 08:18:54,205 [Worker-15: Launching New_configuration] INFO  o.e.m.i.launch.MavenLaunchDelegate -  mvn -Ddebug=53832 -B compile quarkus:dev
2022-12-06 08:19:40,720 [Worker-20: Launching New_configuration] INFO  o.e.m.i.launch.MavenLaunchDelegate - C:\Users\myguest\Desktop\QuizGeneratorProject\backend\mongodb-panache-quickstart
2022-12-06 08:19:40,721 [Worker-20: Launching New_configuration] INFO  o.e.m.i.launch.MavenLaunchDelegate -  mvn -Ddebug=53865 -B compile quarkus:dev
