2022-11-25 08:02:17,281 [Worker-8: Loading available Gradle versions] INFO  o.e.b.c.i.u.g.PublishedGradleVersions - Gradle version information cache is up-to-date. Trying to read.
2022-11-25 10:42:10,400 [Worker-8: Loading available Gradle versions] INFO  o.e.b.c.i.u.g.PublishedGradleVersions - Gradle version information cache is up-to-date. Trying to read.
2022-11-25 10:42:45,727 [Worker-1: Updating Maven Dependencies] INFO  o.e.m.c.i.l.LifecycleMappingFactory - Using org.eclipse.m2e.jdt.JarLifecycleMapping lifecycle mapping for MavenProject: org.acme:mongodb-panache-quickstart:1.0.0-SNAPSHOT @ E:\QuizGeneratorProject\backend\mongodb-panache-quickstart\pom.xml.
2022-11-25 10:42:45,727 [Worker-27: Building] INFO  o.e.m.c.i.l.LifecycleMappingFactory - Using org.eclipse.m2e.jdt.JarLifecycleMapping lifecycle mapping for MavenProject: org.acme:mongodb-panache-quickstart:1.0.0-SNAPSHOT @ E:\QuizGeneratorProject\backend\mongodb-panache-quickstart\pom.xml.
2022-11-25 10:42:58,767 [Worker-27: Building] INFO  o.e.m.c.i.embedder.EclipseLogger - Using 'UTF-8' encoding to copy filtered resources.
2022-11-25 10:42:58,780 [Worker-27: Building] INFO  o.e.m.c.i.embedder.EclipseLogger - Copying 2 resources
2022-11-25 10:42:58,803 [Worker-27: Building] INFO  o.e.m.c.i.embedder.EclipseLogger - Using 'UTF-8' encoding to copy filtered resources.
2022-11-25 10:42:58,803 [Worker-27: Building] INFO  o.e.m.c.i.embedder.EclipseLogger - skip non existing resourceDirectory E:\QuizGeneratorProject\backend\mongodb-panache-quickstart\src\test\resources
2022-11-25 10:43:00,764 [Worker-19: Launching New_configuration] INFO  o.e.m.c.i.embedder.EclipseLogger - Using 'UTF-8' encoding to copy filtered resources.
2022-11-25 10:43:00,767 [Worker-19: Launching New_configuration] INFO  o.e.m.c.i.embedder.EclipseLogger - Copying 2 resources
2022-11-25 10:43:00,777 [Worker-19: Launching New_configuration] INFO  o.e.m.c.i.embedder.EclipseLogger - Using 'UTF-8' encoding to copy filtered resources.
2022-11-25 10:43:00,778 [Worker-19: Launching New_configuration] INFO  o.e.m.c.i.embedder.EclipseLogger - skip non existing resourceDirectory E:\QuizGeneratorProject\backend\mongodb-panache-quickstart\src\test\resources
2022-11-25 10:43:00,925 [Worker-23: Updating Maven Dependencies] INFO  o.e.m.c.i.l.LifecycleMappingFactory - Using org.eclipse.m2e.jdt.JarLifecycleMapping lifecycle mapping for MavenProject: org.acme:mongodb-panache-quickstart:1.0.0-SNAPSHOT @ E:\QuizGeneratorProject\backend\mongodb-panache-quickstart\pom.xml.
2022-11-25 10:43:01,707 [Worker-19: Launching New_configuration] INFO  o.e.m.i.launch.MavenLaunchDelegate - E:\QuizGeneratorProject\backend\mongodb-panache-quickstart
2022-11-25 10:43:01,707 [Worker-19: Launching New_configuration] INFO  o.e.m.i.launch.MavenLaunchDelegate -  mvn -Ddebug=65292 -B compile quarkus:dev
2022-11-25 10:43:02,790 [Worker-18: Building] INFO  o.e.m.c.i.embedder.EclipseLogger - Using 'UTF-8' encoding to copy filtered resources.
2022-11-25 10:43:02,791 [Worker-18: Building] INFO  o.e.m.c.i.embedder.EclipseLogger - Copying 0 resource
2022-11-25 10:43:02,792 [Worker-18: Building] INFO  o.e.m.c.i.embedder.EclipseLogger - Using 'UTF-8' encoding to copy filtered resources.
2022-11-25 10:43:02,792 [Worker-18: Building] INFO  o.e.m.c.i.embedder.EclipseLogger - skip non existing resourceDirectory E:\QuizGeneratorProject\backend\mongodb-panache-quickstart\src\test\resources
2022-11-25 10:45:10,243 [Worker-14: Launching New_configuration] INFO  o.e.m.i.launch.MavenLaunchDelegate - E:\QuizGeneratorProject\backend\mongodb-panache-quickstart
2022-11-25 10:45:10,243 [Worker-14: Launching New_configuration] INFO  o.e.m.i.launch.MavenLaunchDelegate -  mvn -Ddebug=65337 -B compile quarkus:dev
2022-11-25 10:46:55,392 [Worker-29: Launching New_configuration] INFO  o.e.m.i.launch.MavenLaunchDelegate - E:\QuizGeneratorProject\backend\mongodb-panache-quickstart
2022-11-25 10:46:55,392 [Worker-29: Launching New_configuration] INFO  o.e.m.i.launch.MavenLaunchDelegate -  mvn -Ddebug=65500 -B compile quarkus:dev
2022-11-28 08:51:30,594 [Worker-8: Loading available Gradle versions] INFO  o.e.b.c.i.u.g.PublishedGradleVersions - Gradle version information cache is out-of-date. Trying to update.
2022-11-28 08:51:57,738 [Worker-14: Launching New_configuration] INFO  o.e.m.c.i.embedder.EclipseLogger - Using 'UTF-8' encoding to copy filtered resources.
2022-11-28 08:51:57,745 [Worker-14: Launching New_configuration] INFO  o.e.m.c.i.embedder.EclipseLogger - Copying 2 resources
2022-11-28 08:51:57,756 [Worker-14: Launching New_configuration] INFO  o.e.m.c.i.embedder.EclipseLogger - Using 'UTF-8' encoding to copy filtered resources.
2022-11-28 08:51:57,756 [Worker-14: Launching New_configuration] INFO  o.e.m.c.i.embedder.EclipseLogger - skip non existing resourceDirectory E:\QuizGeneratorProject\backend\mongodb-panache-quickstart\src\test\resources
2022-11-28 08:51:59,705 [Worker-14: Launching New_configuration] INFO  o.e.m.i.launch.MavenLaunchDelegate - E:\QuizGeneratorProject\backend\mongodb-panache-quickstart
2022-11-28 08:51:59,705 [Worker-14: Launching New_configuration] INFO  o.e.m.i.launch.MavenLaunchDelegate -  mvn -Ddebug=58208 -B compile quarkus:dev
2022-11-29 08:35:08,792 [Worker-8: Loading available Gradle versions] INFO  o.e.b.c.i.u.g.PublishedGradleVersions - Gradle version information cache is up-to-date. Trying to read.
2022-11-29 08:35:14,294 [Worker-8: Launching New_configuration] INFO  o.e.m.i.launch.MavenLaunchDelegate - E:\QuizGeneratorProject\backend\mongodb-panache-quickstart
2022-11-29 08:35:14,295 [Worker-8: Launching New_configuration] INFO  o.e.m.i.launch.MavenLaunchDelegate -  mvn -Ddebug=55863 -B compile quarkus:dev
2022-12-02 08:32:49,780 [Worker-4: Loading available Gradle versions] INFO  o.e.b.c.i.u.g.PublishedGradleVersions - Gradle version information cache is out-of-date. Trying to update.
2022-12-02 08:33:26,251 [Worker-19: Launching New_configuration] INFO  o.e.m.i.launch.MavenLaunchDelegate - E:\QuizGeneratorProject\backend\mongodb-panache-quickstart
2022-12-02 08:33:26,253 [Worker-19: Launching New_configuration] INFO  o.e.m.i.launch.MavenLaunchDelegate -  mvn -Ddebug=62527 -B compile quarkus:dev
2022-12-05 14:37:49,705 [Worker-9: Loading available Gradle versions] INFO  o.e.b.c.i.u.g.PublishedGradleVersions - Gradle version information cache is up-to-date. Trying to read.
2022-12-05 14:45:51,149 [Worker-16: Loading available Gradle versions] INFO  o.e.b.c.i.u.g.PublishedGradleVersions - Gradle version information cache is up-to-date. Trying to read.
2022-12-05 14:48:53,154 [Worker-20: Loading available Gradle versions] INFO  o.e.b.c.i.u.g.PublishedGradleVersions - Gradle version information cache is up-to-date. Trying to read.
2022-12-07 21:45:16,065 [Worker-25: Loading available Gradle versions] INFO  o.e.b.c.i.u.g.PublishedGradleVersions - Gradle version information cache is up-to-date. Trying to read.
2022-12-07 21:47:00,078 [Worker-22: Loading available Gradle versions] INFO  o.e.b.c.i.u.g.PublishedGradleVersions - Gradle version information cache is up-to-date. Trying to read.
