2022-09-12 08:12:15,407 [Worker-0: Loading available Gradle versions] INFO  o.e.b.c.i.u.g.PublishedGradleVersions - Gradle version information cache is up-to-date. Trying to read.
2022-12-07 22:02:21,235 [Worker-8: Loading available Gradle versions] INFO  o.e.b.c.i.u.g.PublishedGradleVersions - Gradle version information cache is up-to-date. Trying to read.
2022-12-07 22:02:33,843 [Worker-7: Update Maven projects configuration] INFO  o.e.m.c.i.p.ProjectConfigurationManager - Update started
2022-12-07 22:02:39,041 [Worker-7: Update Maven projects configuration] INFO  o.e.m.c.i.l.LifecycleMappingFactory - Using org.eclipse.m2e.jdt.JarLifecycleMapping lifecycle mapping for MavenProject: org.acme:mongodb-panache-quickstart:1.0.0-SNAPSHOT @ D:\QuizGeneratorProject\backend\mongodb-panache-quickstart\pom.xml.
2022-12-07 22:02:40,795 [Worker-7: Update Maven projects configuration] INFO  o.e.m.j.i.AbstractJavaProjectConfigurator - Adding source folder /mongodb-panache-quickstart/src/main/java
2022-12-07 22:02:40,795 [Worker-7: Update Maven projects configuration] INFO  o.e.m.j.i.AbstractJavaProjectConfigurator - Adding resource folder /mongodb-panache-quickstart/src/main/resources
2022-12-07 22:02:40,823 [Worker-7: Update Maven projects configuration] INFO  o.e.m.j.i.AbstractJavaProjectConfigurator - Adding source folder /mongodb-panache-quickstart/src/test/java
2022-12-07 22:02:43,408 [Worker-7: Update Maven projects configuration] INFO  o.e.m.c.i.p.ProjectConfigurationManager - Update completed: 9 sec
2022-12-07 22:03:13,856 [Worker-27: Launching New_configuration (2)] INFO  o.e.m.c.i.embedder.EclipseLogger - Using 'UTF-8' encoding to copy filtered resources.
2022-12-07 22:03:13,859 [Worker-27: Launching New_configuration (2)] INFO  o.e.m.c.i.embedder.EclipseLogger - Copying 2 resources
2022-12-07 22:03:13,869 [Worker-27: Launching New_configuration (2)] INFO  o.e.m.c.i.embedder.EclipseLogger - Using 'UTF-8' encoding to copy filtered resources.
2022-12-07 22:03:13,869 [Worker-27: Launching New_configuration (2)] INFO  o.e.m.c.i.embedder.EclipseLogger - skip non existing resourceDirectory D:\QuizGeneratorProject\backend\mongodb-panache-quickstart\src\test\resources
2022-12-07 22:03:14,696 [Worker-27: Launching New_configuration (2)] INFO  o.e.m.i.launch.MavenLaunchDelegate - D:\QuizGeneratorProject\backend\mongodb-panache-quickstart
2022-12-07 22:03:14,697 [Worker-27: Launching New_configuration (2)] INFO  o.e.m.i.launch.MavenLaunchDelegate -  mvn -Ddebug=50742 -B compile quarkus:dev
2022-12-07 22:04:17,610 [Worker-12: Launching New_configuration (2)] INFO  o.e.m.i.launch.MavenLaunchDelegate - D:\QuizGeneratorProject\backend\mongodb-panache-quickstart
2022-12-07 22:04:17,610 [Worker-12: Launching New_configuration (2)] INFO  o.e.m.i.launch.MavenLaunchDelegate -  mvn -Ddebug=50747 -B compile quarkus:dev
2022-12-08 08:41:08,323 [Worker-5: Loading available Gradle versions] INFO  o.e.b.c.i.u.g.PublishedGradleVersions - Gradle version information cache is up-to-date. Trying to read.
2022-12-08 08:41:29,458 [Worker-3: Launching New_configuration (2)] INFO  o.e.m.c.i.embedder.EclipseLogger - Using 'UTF-8' encoding to copy filtered resources.
2022-12-08 08:41:29,466 [Worker-3: Launching New_configuration (2)] INFO  o.e.m.c.i.embedder.EclipseLogger - Copying 2 resources
2022-12-08 08:41:29,619 [Worker-3: Launching New_configuration (2)] INFO  o.e.m.c.i.embedder.EclipseLogger - Using 'UTF-8' encoding to copy filtered resources.
2022-12-08 08:41:29,620 [Worker-3: Launching New_configuration (2)] INFO  o.e.m.c.i.embedder.EclipseLogger - skip non existing resourceDirectory D:\QuizGeneratorProject\backend\mongodb-panache-quickstart\src\test\resources
2022-12-08 08:41:31,848 [Worker-3: Launching New_configuration (2)] INFO  o.e.m.i.launch.MavenLaunchDelegate - D:\QuizGeneratorProject\backend\mongodb-panache-quickstart
2022-12-08 08:41:31,849 [Worker-3: Launching New_configuration (2)] INFO  o.e.m.i.launch.MavenLaunchDelegate -  mvn -Ddebug=56257 -B compile quarkus:dev
2022-12-08 08:41:40,742 [Worker-4: Launching Connecting debugger to port 56257] INFO  o.e.m.c.i.embedder.EclipseLogger - Using 'UTF-8' encoding to copy filtered resources.
2022-12-08 08:41:40,747 [Worker-4: Launching Connecting debugger to port 56257] INFO  o.e.m.c.i.embedder.EclipseLogger - Copying 0 resource
2022-12-08 08:41:40,749 [Worker-4: Launching Connecting debugger to port 56257] INFO  o.e.m.c.i.embedder.EclipseLogger - Using 'UTF-8' encoding to copy filtered resources.
2022-12-08 08:41:40,749 [Worker-4: Launching Connecting debugger to port 56257] INFO  o.e.m.c.i.embedder.EclipseLogger - skip non existing resourceDirectory D:\QuizGeneratorProject\backend\mongodb-panache-quickstart\src\test\resources
2022-12-08 20:20:18,169 [Worker-7: Loading available Gradle versions] INFO  o.e.b.c.i.u.g.PublishedGradleVersions - Gradle version information cache is up-to-date. Trying to read.
2022-12-08 20:20:50,656 [Worker-6: Launching New_configuration (2)] INFO  o.e.m.c.i.embedder.EclipseLogger - Using 'UTF-8' encoding to copy filtered resources.
2022-12-08 20:20:50,662 [Worker-6: Launching New_configuration (2)] INFO  o.e.m.c.i.embedder.EclipseLogger - Copying 2 resources
2022-12-08 20:20:50,772 [Worker-6: Launching New_configuration (2)] INFO  o.e.m.c.i.embedder.EclipseLogger - Using 'UTF-8' encoding to copy filtered resources.
2022-12-08 20:20:50,772 [Worker-6: Launching New_configuration (2)] INFO  o.e.m.c.i.embedder.EclipseLogger - skip non existing resourceDirectory D:\QuizGeneratorProject\backend\mongodb-panache-quickstart\src\test\resources
2022-12-08 20:20:52,216 [Worker-6: Launching New_configuration (2)] INFO  o.e.m.i.launch.MavenLaunchDelegate - D:\QuizGeneratorProject\backend\mongodb-panache-quickstart
2022-12-08 20:20:52,217 [Worker-6: Launching New_configuration (2)] INFO  o.e.m.i.launch.MavenLaunchDelegate -  mvn -Ddebug=51288 -B compile quarkus:dev
2022-12-09 08:33:43,941 [Worker-4: Loading available Gradle versions] INFO  o.e.b.c.i.u.g.PublishedGradleVersions - Gradle version information cache is out-of-date. Trying to update.
2022-12-09 08:34:00,220 [Worker-0: Launching New_configuration (2)] INFO  o.e.m.i.launch.MavenLaunchDelegate - D:\QuizGeneratorProject\backend\mongodb-panache-quickstart
2022-12-09 08:34:00,222 [Worker-0: Launching New_configuration (2)] INFO  o.e.m.i.launch.MavenLaunchDelegate -  mvn -Ddebug=50491 -B compile quarkus:dev
2022-12-10 09:52:23,079 [Worker-4: Loading available Gradle versions] INFO  o.e.b.c.i.u.g.PublishedGradleVersions - Gradle version information cache is out-of-date. Trying to update.
2022-12-10 09:52:28,486 [Worker-1: Launching New_configuration (2)] INFO  o.e.m.i.launch.MavenLaunchDelegate - D:\QuizGeneratorProject\backend\mongodb-panache-quickstart
2022-12-10 09:52:28,487 [Worker-1: Launching New_configuration (2)] INFO  o.e.m.i.launch.MavenLaunchDelegate -  mvn -Ddebug=60468 -B compile quarkus:dev
2022-12-11 21:32:35,516 [Worker-7: Loading available Gradle versions] INFO  o.e.b.c.i.u.g.PublishedGradleVersions - Gradle version information cache is out-of-date. Trying to update.
2022-12-11 21:32:42,465 [Worker-1: Launching New_configuration (2)] INFO  o.e.m.i.launch.MavenLaunchDelegate - D:\QuizGeneratorProject\backend\mongodb-panache-quickstart
2022-12-11 21:32:42,467 [Worker-1: Launching New_configuration (2)] INFO  o.e.m.i.launch.MavenLaunchDelegate -  mvn -Ddebug=52779 -B compile quarkus:dev
2022-12-12 08:37:03,173 [Worker-3: Loading available Gradle versions] INFO  o.e.b.c.i.u.g.PublishedGradleVersions - Gradle version information cache is up-to-date. Trying to read.
2022-12-12 08:40:03,196 [Worker-19: Launching New_configuration (2)] INFO  o.e.m.c.i.l.LifecycleMappingFactory - Using org.eclipse.m2e.jdt.JarLifecycleMapping lifecycle mapping for MavenProject: org.acme:mongodb-panache-quickstart:1.0.0-SNAPSHOT @ D:\QuizGeneratorProject\backend\mongodb-panache-quickstart\pom.xml.
2022-12-12 08:40:09,328 [Worker-19: Launching New_configuration (2)] INFO  o.e.m.c.i.embedder.EclipseLogger - Using 'UTF-8' encoding to copy filtered resources.
2022-12-12 08:40:09,331 [Worker-19: Launching New_configuration (2)] INFO  o.e.m.c.i.embedder.EclipseLogger - Copying 2 resources
2022-12-12 08:40:09,442 [Worker-19: Launching New_configuration (2)] INFO  o.e.m.c.i.embedder.EclipseLogger - Using 'UTF-8' encoding to copy filtered resources.
2022-12-12 08:40:09,442 [Worker-19: Launching New_configuration (2)] INFO  o.e.m.c.i.embedder.EclipseLogger - skip non existing resourceDirectory D:\QuizGeneratorProject\backend\mongodb-panache-quickstart\src\test\resources
2022-12-12 08:40:10,492 [Worker-19: Launching New_configuration (2)] INFO  o.e.m.i.launch.MavenLaunchDelegate - D:\QuizGeneratorProject\backend\mongodb-panache-quickstart
2022-12-12 08:40:10,493 [Worker-19: Launching New_configuration (2)] INFO  o.e.m.i.launch.MavenLaunchDelegate -  mvn -Ddebug=62566 -B compile quarkus:dev
2022-12-12 08:40:11,088 [Worker-30: Updating Maven Dependencies] INFO  o.e.m.c.i.l.LifecycleMappingFactory - Using org.eclipse.m2e.jdt.JarLifecycleMapping lifecycle mapping for MavenProject: org.acme:mongodb-panache-quickstart:1.0.0-SNAPSHOT @ D:\QuizGeneratorProject\backend\mongodb-panache-quickstart\pom.xml.
2022-12-12 08:40:13,368 [Worker-31: Building] INFO  o.e.m.c.i.embedder.EclipseLogger - Using 'UTF-8' encoding to copy filtered resources.
2022-12-12 08:40:13,369 [Worker-31: Building] INFO  o.e.m.c.i.embedder.EclipseLogger - Copying 0 resource
2022-12-12 08:40:13,372 [Worker-31: Building] INFO  o.e.m.c.i.embedder.EclipseLogger - Using 'UTF-8' encoding to copy filtered resources.
2022-12-12 08:40:13,373 [Worker-31: Building] INFO  o.e.m.c.i.embedder.EclipseLogger - skip non existing resourceDirectory D:\QuizGeneratorProject\backend\mongodb-panache-quickstart\src\test\resources
2022-12-12 08:40:13,385 [Worker-19: Launching New_configuration (2)] INFO  o.e.m.i.launch.MavenLaunchDelegate - D:\QuizGeneratorProject\backend\mongodb-panache-quickstart
2022-12-12 08:40:13,385 [Worker-19: Launching New_configuration (2)] INFO  o.e.m.i.launch.MavenLaunchDelegate -  mvn -Ddebug=62573 -B compile quarkus:dev
2022-12-12 08:40:19,682 [Worker-19: Launching New_configuration (2)] INFO  o.e.m.i.launch.MavenLaunchDelegate - D:\QuizGeneratorProject\backend\mongodb-panache-quickstart
2022-12-12 08:40:19,683 [Worker-19: Launching New_configuration (2)] INFO  o.e.m.i.launch.MavenLaunchDelegate -  mvn -Ddebug=62575 -B compile quarkus:dev
2022-12-12 08:40:32,100 [Worker-36: Launching New_configuration (2)] INFO  o.e.m.i.launch.MavenLaunchDelegate - D:\QuizGeneratorProject\backend\mongodb-panache-quickstart
2022-12-12 08:40:32,101 [Worker-36: Launching New_configuration (2)] INFO  o.e.m.i.launch.MavenLaunchDelegate -  mvn -Ddebug=62591 -B compile quarkus:dev
2022-12-12 08:40:57,557 [Worker-4: Loading available Gradle versions] INFO  o.e.b.c.i.u.g.PublishedGradleVersions - Gradle version information cache is up-to-date. Trying to read.
2022-12-12 08:41:09,218 [Worker-21: Launching New_configuration (2)] INFO  o.e.m.i.launch.MavenLaunchDelegate - D:\QuizGeneratorProject\backend\mongodb-panache-quickstart
2022-12-12 08:41:09,220 [Worker-21: Launching New_configuration (2)] INFO  o.e.m.i.launch.MavenLaunchDelegate -  mvn -Ddebug=62612 -B compile quarkus:dev
2022-12-12 08:43:57,668 [Worker-14: Launching New_configuration (2)] INFO  o.e.m.i.launch.MavenLaunchDelegate - D:\QuizGeneratorProject\backend\mongodb-panache-quickstart
2022-12-12 08:43:57,669 [Worker-14: Launching New_configuration (2)] INFO  o.e.m.i.launch.MavenLaunchDelegate -  mvn -Ddebug=62765 -B compile quarkus:dev
2022-12-12 20:06:01,895 [Worker-8: Loading available Gradle versions] INFO  o.e.b.c.i.u.g.PublishedGradleVersions - Gradle version information cache is up-to-date. Trying to read.
2022-12-12 20:12:44,946 [Worker-30: Updating Maven Dependencies] INFO  o.e.m.c.i.l.LifecycleMappingFactory - Using org.eclipse.m2e.jdt.JarLifecycleMapping lifecycle mapping for MavenProject: org.acme:mongodb-panache-quickstart:1.0.0-SNAPSHOT @ D:\QuizGeneratorProject\backend\mongodb-panache-quickstart\pom.xml.
2022-12-12 20:13:05,744 [Worker-30: Launching New_configuration] INFO  o.e.m.c.i.embedder.EclipseLogger - Using 'UTF-8' encoding to copy filtered resources.
2022-12-12 20:13:05,748 [Worker-30: Launching New_configuration] INFO  o.e.m.c.i.embedder.EclipseLogger - Copying 2 resources
2022-12-12 20:13:05,766 [Worker-30: Launching New_configuration] INFO  o.e.m.c.i.embedder.EclipseLogger - Using 'UTF-8' encoding to copy filtered resources.
2022-12-12 20:13:05,766 [Worker-30: Launching New_configuration] INFO  o.e.m.c.i.embedder.EclipseLogger - skip non existing resourceDirectory D:\QuizGeneratorProject\backend\mongodb-panache-quickstart\src\test\resources
2022-12-12 20:13:07,087 [Worker-30: Launching New_configuration] INFO  o.e.m.i.launch.MavenLaunchDelegate - D:\QuizGeneratorProject\backend\mongodb-panache-quickstart
2022-12-12 20:13:07,091 [Worker-30: Launching New_configuration] INFO  o.e.m.i.launch.MavenLaunchDelegate -  mvn -Ddebug=62313 -B compile quarkus:dev
2022-12-12 20:13:09,508 [Worker-33: Launching New_configuration] INFO  o.e.m.i.launch.MavenLaunchDelegate - D:\QuizGeneratorProject\backend\mongodb-panache-quickstart
2022-12-12 20:13:09,508 [Worker-33: Launching New_configuration] INFO  o.e.m.i.launch.MavenLaunchDelegate -  mvn -Ddebug=62316 -B compile quarkus:dev
2022-12-13 08:05:32,364 [Worker-8: Loading available Gradle versions] INFO  o.e.b.c.i.u.g.PublishedGradleVersions - Gradle version information cache is out-of-date. Trying to update.
2022-12-13 08:05:39,373 [Worker-5: Launching New_configuration] INFO  o.e.m.i.launch.MavenLaunchDelegate - D:\QuizGeneratorProject\backend\mongodb-panache-quickstart
2022-12-13 08:05:39,375 [Worker-5: Launching New_configuration] INFO  o.e.m.i.launch.MavenLaunchDelegate -  mvn -Ddebug=60879 -B compile quarkus:dev
2022-12-14 08:34:37,332 [Worker-4: Loading available Gradle versions] INFO  o.e.b.c.i.u.g.PublishedGradleVersions - Gradle version information cache is out-of-date. Trying to update.
2022-12-14 08:34:58,328 [Worker-4: Launching New_configuration] INFO  o.e.m.i.launch.MavenLaunchDelegate - D:\QuizGeneratorProject\backend\mongodb-panache-quickstart
2022-12-14 08:34:58,330 [Worker-4: Launching New_configuration] INFO  o.e.m.i.launch.MavenLaunchDelegate -  mvn -Ddebug=61218 -B compile quarkus:dev
2022-12-14 21:20:29,125 [Worker-3: Loading available Gradle versions] INFO  o.e.b.c.i.u.g.PublishedGradleVersions - Gradle version information cache is up-to-date. Trying to read.
2022-12-14 21:47:52,310 [Worker-1: Launching New_configuration] INFO  o.e.m.i.launch.MavenLaunchDelegate - D:\QuizGeneratorProject\backend\mongodb-panache-quickstart
2022-12-14 21:47:52,586 [Worker-1: Launching New_configuration] INFO  o.e.m.i.launch.MavenLaunchDelegate -  mvn -Ddebug=58338 -B compile quarkus:dev
2022-12-15 09:33:09,111 [Worker-7: Loading available Gradle versions] INFO  o.e.b.c.i.u.g.PublishedGradleVersions - Gradle version information cache is out-of-date. Trying to update.
2022-12-15 09:33:37,367 [Worker-5: Launching New_configuration] INFO  o.e.m.i.launch.MavenLaunchDelegate - D:\QuizGeneratorProject\backend\mongodb-panache-quickstart
2022-12-15 09:33:37,369 [Worker-5: Launching New_configuration] INFO  o.e.m.i.launch.MavenLaunchDelegate -  mvn -Ddebug=63153 -B compile quarkus:dev
